<?xml version="1.0" encoding="UTF-8"?>
<!-- Generated by org.testng.reporters.JUnitReportReporter -->
<testsuite hostname="DESKTOP-PRI1S77" failures="0" tests="1" name="com.TestRunner.formfiling" time="16.023" errors="0" timestamp="2022-02-01T12:21:41 IST" skipped="0">
  <testcase classname="com.TestRunner.formfiling" name="form" time="16.023"/>
  <system-out/>
</testsuite> <!-- com.TestRunner.formfiling -->
